#
# A fatal error has been detected by the Java Runtime Environment:
#
#  EXCEPTION_ACCESS_VIOLATION (0xc0000005) at pc=0x617493cd, pid=8612, tid=0x0000101c
#
# JRE version: Java(TM) SE Runtime Environment (8.0_92-b14) (build 1.8.0_92-b14)
# Java VM: Java HotSpot(TM) Client VM (25.92-b14 mixed mode windows-x86 )
# Problematic frame:
# C  [listSerialsj.dll+0x93cd]
#
# Failed to write core dump. Minidumps are not enabled by default on client versions of Windows
#
# If you would like to submit a bug report, please visit:
#   http://bugreport.java.com/bugreport/crash.jsp
# The crash happened outside the Java Virtual Machine in native code.
# See problematic frame for where to report the bug.
#

---------------  T H R E A D  ---------------

Current thread (0x27e4e800):  JavaThread "cc.arduino.packages.discoverers.serial.SerialBoardsLister" [_thread_in_native, id=4124, stack(0x287e0000,0x28830000)]

siginfo: ExceptionCode=0xc0000005, writing address 0x00000000

Registers:
EAX=0x00000000, EBX=0x00000b14, ECX=0x00000000, EDX=0x00000001
ESP=0x2882e8f0, EBP=0x2882ed48, ESI=0x00000001, EDI=0x0088e930
EIP=0x617493cd, EFLAGS=0x00010246

Top of Stack: (sp=0x2882e8f0)
0x2882e8f0:   25943e78 0000002e 00000002 00000000
0x2882e900:   00000003 00000000 00000000 00000000
0x2882e910:   00000002 0088e108 0000006c 745da540
0x2882e920:   2594a2d0 00000000 0088ecd0 000000a4
0x2882e930:   7454c070 00000007 0000004f 00000002
0x2882e940:   00000001 0000006c 00000072 0000008c
0x2882e950:   008c3920 00000000 314d4f43 00970031
0x2882e960:   00425355 04976690 6eb11e0b 00007c1e 

Instructions: (pc=0x617493cd)
0x617493ad:   8b 45 08 8b 90 94 00 00 00 85 d2 74 16 8b 40 2c
0x617493bd:   c7 44 24 04 2e 00 00 00 89 04 24 e8 73 14 00 00
0x617493cd:   c6 00 00 8d 85 04 fc ff ff 89 44 24 18 8d 85 0a
0x617493dd:   fc ff ff 89 44 24 10 a1 e4 01 75 61 c7 85 04 fc 


Register to memory mapping:

EAX=0x00000000 is an unknown value
EBX=0x00000b14 is an unknown value
ECX=0x00000000 is an unknown value
EDX=0x00000001 is an unknown value
ESP=0x2882e8f0 is pointing into the stack for thread: 0x27e4e800
EBP=0x2882ed48 is pointing into the stack for thread: 0x27e4e800
ESI=0x00000001 is an unknown value
EDI=0x0088e930 is an unknown value


Stack: [0x287e0000,0x28830000],  sp=0x2882e8f0,  free space=314k
Native frames: (J=compiled Java code, j=interpreted, Vv=VM code, C=native code)
C  [listSerialsj.dll+0x93cd]
C  [listSerialsj.dll+0x2211]

Java frames: (J=compiled Java code, j=interpreted, Vv=VM code)
j  processing.app.Platform.listSerialsNative()[Ljava/lang/String;+0
j  processing.app.Platform.listSerials()Ljava/util/List;+5
j  cc.arduino.packages.discoverers.serial.SerialBoardsLister.retriggerDiscovery(Z)V+22
j  cc.arduino.packages.discoverers.serial.SerialBoardsLister.run()V+9
j  java.util.TimerThread.mainLoop()V+221
j  java.util.TimerThread.run()V+1
v  ~StubRoutines::call_stub

---------------  P R O C E S S  ---------------

Java Threads: ( => current thread )
  0x25de4000 JavaThread "Thread-24" [_thread_blocked, id=5488, stack(0x27a30000,0x27a80000)]
  0x25de3400 JavaThread "DestroyJavaVM" [_thread_blocked, id=3580, stack(0x022d0000,0x02320000)]
  0x25de0800 JavaThread "Timer-0" [_thread_blocked, id=9096, stack(0x29f40000,0x29f90000)]
  0x25de0000 JavaThread "TimerQueue" daemon [_thread_blocked, id=1512, stack(0x29eb0000,0x29f00000)]
  0x25de0c00 JavaThread "AWT-EventQueue-0" [_thread_blocked, id=11056, stack(0x29a30000,0x29a80000)]
  0x25de2400 JavaThread "AWT-Shutdown" [_thread_blocked, id=8288, stack(0x299a0000,0x299f0000)]
  0x25de2000 JavaThread "Batik CleanerThread" daemon [_thread_blocked, id=8780, stack(0x28cc0000,0x28d10000)]
  0x25de7800 JavaThread "JmDNS(192-168-10-128.local.).Timer" daemon [_thread_blocked, id=2136, stack(0x294c0000,0x29510000)]
  0x25de1800 JavaThread "JmDNS(192-168-10-128.local.).State.Timer" [_thread_blocked, id=9340, stack(0x29430000,0x29480000)]
  0x25de6c00 JavaThread "JmDNS(192-168-10-128.local.).Timer" daemon [_thread_blocked, id=5580, stack(0x293a0000,0x293f0000)]
  0x25de1400 JavaThread "SocketListener(192-168-10-128.local.)" daemon [_thread_in_native, id=10140, stack(0x29310000,0x29360000)]
  0x27f31c00 JavaThread "JmDNS(2a02:1812:d37:5600:a896:4aa5:752f:47c1.local.).Timer" daemon [_thread_blocked, id=200, stack(0x29280000,0x292d0000)]
  0x27f34800 JavaThread "JmDNS(2a02:1812:d37:5600:a896:4aa5:752f:47c1.local.).State.Timer" [_thread_blocked, id=4980, stack(0x291f0000,0x29240000)]
  0x27f34400 JavaThread "JmDNS(2a02:1812:d37:5600:a896:4aa5:752f:47c1.local.).Timer" daemon [_thread_blocked, id=6492, stack(0x29160000,0x291b0000)]
  0x27f33c00 JavaThread "SocketListener(2a02:1812:d37:5600:a896:4aa5:752f:47c1.local.)" daemon [_thread_in_native, id=9348, stack(0x290d0000,0x29120000)]
  0x27f33400 JavaThread "JmDNS(fe80:0:0:0:5d5a:d1db:988e:2708%wlan0.local.).Timer" daemon [_thread_blocked, id=8652, stack(0x29040000,0x29090000)]
  0x27f31000 JavaThread "JmDNS(fe80:0:0:0:5d5a:d1db:988e:2708%wlan0.local.).State.Timer" [_thread_blocked, id=9160, stack(0x28fb0000,0x29000000)]
  0x27f33000 JavaThread "JmDNS(fe80:0:0:0:5d5a:d1db:988e:2708%wlan0.local.).Timer" daemon [_thread_blocked, id=10280, stack(0x28f20000,0x28f70000)]
  0x27f32800 JavaThread "SocketListener(fe80:0:0:0:5d5a:d1db:988e:2708%wlan0.local.)" daemon [_thread_in_native, id=10288, stack(0x28e90000,0x28ee0000)]
  0x27f32400 JavaThread "JmDNS(2a02:1812:d37:5600:5d5a:d1db:988e:2708.local.).Timer" daemon [_thread_blocked, id=5368, stack(0x28c70000,0x28cc0000)]
  0x27f2b800 JavaThread "JmDNS(2a02:1812:d37:5600:5d5a:d1db:988e:2708.local.).State.Timer" [_thread_blocked, id=6388, stack(0x28be0000,0x28c30000)]
  0x27f30800 JavaThread "JmDNS(2a02:1812:d37:5600:5d5a:d1db:988e:2708.local.).Timer" daemon [_thread_blocked, id=9752, stack(0x28b50000,0x28ba0000)]
  0x27ee6800 JavaThread "SocketListener(2a02:1812:d37:5600:5d5a:d1db:988e:2708.local.)" daemon [_thread_in_native, id=5184, stack(0x28990000,0x289e0000)]
  0x27e3b000 JavaThread "cc.arduino.packages.discoverers.network.BoardReachabilityFilter" [_thread_blocked, id=9996, stack(0x28900000,0x28950000)]
  0x27e3a400 JavaThread "cc.arduino.packages.discoverers.network.NetworkChecker" [_thread_blocked, id=5212, stack(0x28870000,0x288c0000)]
=>0x27e4e800 JavaThread "cc.arduino.packages.discoverers.serial.SerialBoardsLister" [_thread_in_native, id=4124, stack(0x287e0000,0x28830000)]
  0x25e87000 JavaThread "AWT-Windows" daemon [_thread_in_native, id=2176, stack(0x26370000,0x263c0000)]
  0x25e4ec00 JavaThread "Java2D Disposer" daemon [_thread_blocked, id=2468, stack(0x26250000,0x262a0000)]
  0x25557800 JavaThread "Service Thread" daemon [_thread_blocked, id=4044, stack(0x25c30000,0x25c80000)]
  0x2555d400 JavaThread "C1 CompilerThread0" daemon [_thread_blocked, id=6384, stack(0x25ba0000,0x25bf0000)]
  0x2555c000 JavaThread "Attach Listener" daemon [_thread_blocked, id=8320, stack(0x25b10000,0x25b60000)]
  0x25558000 JavaThread "Signal Dispatcher" daemon [_thread_blocked, id=7124, stack(0x25a80000,0x25ad0000)]
  0x2553a400 JavaThread "Finalizer" daemon [_thread_blocked, id=11684, stack(0x257f0000,0x25840000)]
  0x25524800 JavaThread "Reference Handler" daemon [_thread_blocked, id=11936, stack(0x25760000,0x257b0000)]

Other Threads:
  0x0248d800 VMThread [stack: 0x254d0000,0x25520000] [id=9672]
  0x25562800 WatcherThread [stack: 0x25cc0000,0x25d10000] [id=4464]

VM state:not at safepoint (normal execution)

VM Mutex/Monitor currently owned by a thread: None

Heap:
 def new generation   total 39424K, used 22274K [0x04800000, 0x072c0000, 0x0f2a0000)
  eden space 35072K,  51% used [0x04800000, 0x059809e8, 0x06a40000)
  from space 4352K, 100% used [0x06e80000, 0x072c0000, 0x072c0000)
  to   space 4352K,   0% used [0x06a40000, 0x06a40000, 0x06e80000)
 tenured generation   total 87424K, used 41888K [0x0f2a0000, 0x14800000, 0x24800000)
   the space 87424K,  47% used [0x0f2a0000, 0x11b88018, 0x11b88200, 0x14800000)
 Metaspace       used 17788K, capacity 18249K, committed 18304K, reserved 18816K

Card table byte_map: [0x24800000,0x24910000] byte_map_base: 0x247dc000

Polling page: 0x00b00000

CodeCache: size=32768Kb used=3749Kb max_used=3749Kb free=29018Kb
 bounds [0x02750000, 0x02b00000, 0x04750000]
 total_blobs=2401 nmethods=2129 adapters=200
 compilation: enabled

Compilation events (10 events):
Event: 48.734 Thread 0x2555d400 2164             java.util.Arrays::fill (21 bytes)
Event: 48.734 Thread 0x2555d400 nmethod 2164 0x02af9388 code [0x02af9480, 0x02af9510]
Event: 54.715 Thread 0x2555d400 2165             javax.jmdns.impl.tasks.DNSTask::getDns (5 bytes)
Event: 54.716 Thread 0x2555d400 nmethod 2165 0x02af95c8 code [0x02af96c0, 0x02af9740]
Event: 54.991 Thread 0x2555d400 2166             java.net.NetworkInterface::<init> (15 bytes)
Event: 54.991 Thread 0x2555d400 nmethod 2166 0x02af9788 code [0x02af9880, 0x02af9910]
Event: 56.752 Thread 0x2555d400 2167             java.security.ProtectionDomain$JavaSecurityAccessImpl::doIntersectionPrivilege (22 bytes)
Event: 56.753 Thread 0x2555d400 nmethod 2167 0x02af9948 code [0x02af9a80, 0x02af9c90]
Event: 56.753 Thread 0x2555d400 2168             java.security.ProtectionDomain$JavaSecurityAccessImpl::getCombinedACC (30 bytes)
Event: 56.755 Thread 0x2555d400 nmethod 2168 0x02af9e48 code [0x02af9f60, 0x02afa0d8]

GC Heap History (10 events):
Event: 1.081 GC heap before
{Heap before GC invocations=1 (full 0):
 def new generation   total 39296K, used 39296K [0x04800000, 0x072a0000, 0x0f2a0000)
  eden space 34944K, 100% used [0x04800000, 0x06a20000, 0x06a20000)
  from space 4352K, 100% used [0x06e60000, 0x072a0000, 0x072a0000)
  to   space 4352K,   0% used [0x06a20000, 0x06a20000, 0x06e60000)
 tenured generation   total 87424K, used 2825K [0x0f2a0000, 0x14800000, 0x24800000)
   the space 87424K,   3% used [0x0f2a0000, 0x0f562748, 0x0f562800, 0x14800000)
 Metaspace       used 11370K, capacity 11727K, committed 11776K, reserved 12672K
Event: 1.102 GC heap after
Heap after GC invocations=2 (full 0):
 def new generation   total 39296K, used 4352K [0x04800000, 0x072a0000, 0x0f2a0000)
  eden space 34944K,   0% used [0x04800000, 0x04800000, 0x06a20000)
  from space 4352K, 100% used [0x06a20000, 0x06e60000, 0x06e60000)
  to   space 4352K,   0% used [0x06e60000, 0x06e60000, 0x072a0000)
 tenured generation   total 87424K, used 8611K [0x0f2a0000, 0x14800000, 0x24800000)
   the space 87424K,   9% used [0x0f2a0000, 0x0fb08d88, 0x0fb08e00, 0x14800000)
 Metaspace       used 11370K, capacity 11727K, committed 11776K, reserved 12672K
}
Event: 1.403 GC heap before
{Heap before GC invocations=2 (full 0):
 def new generation   total 39296K, used 17849K [0x04800000, 0x072a0000, 0x0f2a0000)
  eden space 34944K,  38% used [0x04800000, 0x0552e6f8, 0x06a20000)
  from space 4352K, 100% used [0x06a20000, 0x06e60000, 0x06e60000)
  to   space 4352K,   0% used [0x06e60000, 0x06e60000, 0x072a0000)
 tenured generation   total 87424K, used 8611K [0x0f2a0000, 0x14800000, 0x24800000)
   the space 87424K,   9% used [0x0f2a0000, 0x0fb08d88, 0x0fb08e00, 0x14800000)
 Metaspace       used 11885K, capacity 12252K, committed 12288K, reserved 12672K
Event: 1.424 GC heap after
Heap after GC invocations=3 (full 1):
 def new generation   total 39424K, used 0K [0x04800000, 0x072c0000, 0x0f2a0000)
  eden space 35072K,   0% used [0x04800000, 0x04800000, 0x06a40000)
  from space 4352K,   0% used [0x06a40000, 0x06a40000, 0x06e80000)
  to   space 4352K,   0% used [0x06e80000, 0x06e80000, 0x072c0000)
 tenured generation   total 87424K, used 13982K [0x0f2a0000, 0x14800000, 0x24800000)
   the space 87424K,  15% used [0x0f2a0000, 0x10047a68, 0x10047c00, 0x14800000)
 Metaspace       used 11885K, capacity 12252K, committed 12288K, reserved 12672K
}
Event: 2.893 GC heap before
{Heap before GC invocations=3 (full 1):
 def new generation   total 39424K, used 35072K [0x04800000, 0x072c0000, 0x0f2a0000)
  eden space 35072K, 100% used [0x04800000, 0x06a40000, 0x06a40000)
  from space 4352K,   0% used [0x06a40000, 0x06a40000, 0x06e80000)
  to   space 4352K,   0% used [0x06e80000, 0x06e80000, 0x072c0000)
 tenured generation   total 87424K, used 13982K [0x0f2a0000, 0x14800000, 0x24800000)
   the space 87424K,  15% used [0x0f2a0000, 0x10047a68, 0x10047c00, 0x14800000)
 Metaspace       used 12093K, capacity 12486K, committed 12544K, reserved 12672K
Event: 2.897 GC heap after
Heap after GC invocations=4 (full 1):
 def new generation   total 39424K, used 2051K [0x04800000, 0x072c0000, 0x0f2a0000)
  eden space 35072K,   0% used [0x04800000, 0x04800000, 0x06a40000)
  from space 4352K,  47% used [0x06e80000, 0x07080f28, 0x072c0000)
  to   space 4352K,   0% used [0x06a40000, 0x06a40000, 0x06e80000)
 tenured generation   total 87424K, used 13982K [0x0f2a0000, 0x14800000, 0x24800000)
   the space 87424K,  15% used [0x0f2a0000, 0x10047a68, 0x10047c00, 0x14800000)
 Metaspace       used 12093K, capacity 12486K, committed 12544K, reserved 12672K
}
Event: 3.458 GC heap before
{Heap before GC invocations=4 (full 1):
 def new generation   total 39424K, used 37077K [0x04800000, 0x072c0000, 0x0f2a0000)
  eden space 35072K,  99% used [0x04800000, 0x06a34650, 0x06a40000)
  from space 4352K,  47% used [0x06e80000, 0x07080f28, 0x072c0000)
  to   space 4352K,   0% used [0x06a40000, 0x06a40000, 0x06e80000)
 tenured generation   total 87424K, used 13982K [0x0f2a0000, 0x14800000, 0x24800000)
   the space 87424K,  15% used [0x0f2a0000, 0x10047a68, 0x10047c00, 0x14800000)
 Metaspace       used 16955K, capacity 17396K, committed 17536K, reserved 17792K
Event: 3.469 GC heap after
Heap after GC invocations=5 (full 1):
 def new generation   total 39424K, used 4352K [0x04800000, 0x072c0000, 0x0f2a0000)
  eden space 35072K,   0% used [0x04800000, 0x04800000, 0x06a40000)
  from space 4352K, 100% used [0x06a40000, 0x06e80000, 0x06e80000)
  to   space 4352K,   0% used [0x06e80000, 0x06e80000, 0x072c0000)
 tenured generation   total 87424K, used 17543K [0x0f2a0000, 0x14800000, 0x24800000)
   the space 87424K,  20% used [0x0f2a0000, 0x103c1ea8, 0x103c2000, 0x14800000)
 Metaspace       used 16955K, capacity 17396K, committed 17536K, reserved 17792K
}
Event: 11.307 GC heap before
{Heap before GC invocations=5 (full 1):
 def new generation   total 39424K, used 39424K [0x04800000, 0x072c0000, 0x0f2a0000)
  eden space 35072K, 100% used [0x04800000, 0x06a40000, 0x06a40000)
  from space 4352K, 100% used [0x06a40000, 0x06e80000, 0x06e80000)
  to   space 4352K,   0% used [0x06e80000, 0x06e80000, 0x072c0000)
 tenured generation   total 87424K, used 17543K [0x0f2a0000, 0x14800000, 0x24800000)
   the space 87424K,  20% used [0x0f2a0000, 0x103c1ea8, 0x103c2000, 0x14800000)
 Metaspace       used 17696K, capacity 18153K, committed 18304K, reserved 18816K
Event: 11.326 GC heap after
Heap after GC invocations=6 (full 1):
 def new generation   total 39424K, used 4352K [0x04800000, 0x072c0000, 0x0f2a0000)
  eden space 35072K,   0% used [0x04800000, 0x04800000, 0x06a40000)
  from space 4352K, 100% used [0x06e80000, 0x072c0000, 0x072c0000)
  to   space 4352K,   0% used [0x06a40000, 0x06a40000, 0x06e80000)
 tenured generation   total 87424K, used 41888K [0x0f2a0000, 0x14800000, 0x24800000)
   the space 87424K,  47% used [0x0f2a0000, 0x11b88018, 0x11b88200, 0x14800000)
 Metaspace       used 17696K, capacity 18153K, committed 18304K, reserved 18816K
}

Deoptimization events (0 events):
No events

Internal exceptions (10 events):
Event: 48.499 Thread 0x25de6000 Exception <a 'sun/nio/fs/WindowsException'> (0x05844da8) thrown at [C:\workspace\8-2-build-windows-i586-cygwin\jdk8u92\6642\hotspot\src\share\vm\prims\jni.cpp, line 709]
Event: 48.499 Thread 0x25de6000 Exception <a 'sun/nio/fs/WindowsException'> (0x05845360) thrown at [C:\workspace\8-2-build-windows-i586-cygwin\jdk8u92\6642\hotspot\src\share\vm\prims\jni.cpp, line 709]
Event: 48.500 Thread 0x25de6000 Exception <a 'sun/nio/fs/WindowsException'> (0x05855848) thrown at [C:\workspace\8-2-build-windows-i586-cygwin\jdk8u92\6642\hotspot\src\share\vm\prims\jni.cpp, line 709]
Event: 48.500 Thread 0x25de6000 Exception <a 'sun/nio/fs/WindowsException'> (0x05855e68) thrown at [C:\workspace\8-2-build-windows-i586-cygwin\jdk8u92\6642\hotspot\src\share\vm\prims\jni.cpp, line 709]
Event: 48.501 Thread 0x25de6000 Exception <a 'sun/nio/fs/WindowsException'> (0x0589a630) thrown at [C:\workspace\8-2-build-windows-i586-cygwin\jdk8u92\6642\hotspot\src\share\vm\prims\jni.cpp, line 709]
Event: 48.501 Thread 0x25de6000 Exception <a 'sun/nio/fs/WindowsException'> (0x0589abe8) thrown at [C:\workspace\8-2-build-windows-i586-cygwin\jdk8u92\6642\hotspot\src\share\vm\prims\jni.cpp, line 709]
Event: 48.501 Thread 0x25de6000 Exception <a 'sun/nio/fs/WindowsException'> (0x058adad0) thrown at [C:\workspace\8-2-build-windows-i586-cygwin\jdk8u92\6642\hotspot\src\share\vm\prims\jni.cpp, line 709]
Event: 48.501 Thread 0x25de6000 Exception <a 'sun/nio/fs/WindowsException'> (0x058ae060) thrown at [C:\workspace\8-2-build-windows-i586-cygwin\jdk8u92\6642\hotspot\src\share\vm\prims\jni.cpp, line 709]
Event: 48.502 Thread 0x25de6000 Exception <a 'sun/nio/fs/WindowsException'> (0x058d0888) thrown at [C:\workspace\8-2-build-windows-i586-cygwin\jdk8u92\6642\hotspot\src\share\vm\prims\jni.cpp, line 709]
Event: 48.502 Thread 0x25de6000 Exception <a 'sun/nio/fs/WindowsException'> (0x058d0ed0) thrown at [C:\workspace\8-2-build-windows-i586-cygwin\jdk8u92\6642\hotspot\src\share\vm\prims\jni.cpp, line 709]

Events (10 events):
Event: 48.448 loading class java/awt/PaintContext done
Event: 48.448 loading class java/awt/ColorPaintContext done
Event: 48.448 loading class sun/java2d/pipe/AlphaPaintPipe$TileContext
Event: 48.448 loading class sun/java2d/pipe/AlphaPaintPipe$TileContext done
Event: 48.508 Executing VM operation: RevokeBias
Event: 48.508 Executing VM operation: RevokeBias done
Event: 48.508 Thread 0x25de6000 Thread exited: 0x25de6000
Event: 54.384 Executing VM operation: RevokeBias
Event: 54.384 Executing VM operation: RevokeBias done
Event: 54.384 Thread 0x25de6400 Thread exited: 0x25de6400


Dynamic libraries:
0x000e0000 - 0x00113000 	C:\Program Files (x86)\Arduino\java\bin\javaw.exe
0x77920000 - 0x77aa2000 	C:\WINDOWS\SYSTEM32\ntdll.dll
0x74db0000 - 0x74e90000 	C:\WINDOWS\System32\KERNEL32.DLL
0x77530000 - 0x776d1000 	C:\WINDOWS\System32\KERNELBASE.dll
0x753e0000 - 0x75457000 	C:\WINDOWS\System32\ADVAPI32.dll
0x744f0000 - 0x745ae000 	C:\WINDOWS\System32\msvcrt.dll
0x75330000 - 0x75371000 	C:\WINDOWS\System32\sechost.dll
0x769a0000 - 0x76a61000 	C:\WINDOWS\System32\RPCRT4.dll
0x743e0000 - 0x743fe000 	C:\WINDOWS\System32\SspiCli.dll
0x743d0000 - 0x743da000 	C:\WINDOWS\System32\CRYPTBASE.dll
0x74d10000 - 0x74d6a000 	C:\WINDOWS\System32\bcryptPrimitives.dll
0x76af0000 - 0x76c4f000 	C:\WINDOWS\System32\USER32.dll
0x749d0000 - 0x749e5000 	C:\WINDOWS\System32\win32u.dll
0x776e0000 - 0x7770b000 	C:\WINDOWS\System32\GDI32.dll
0x771c0000 - 0x7731b000 	C:\WINDOWS\System32\gdi32full.dll
0x68770000 - 0x6897a000 	C:\WINDOWS\WinSxS\x86_microsoft.windows.common-controls_6595b64144ccf1df_6.0.14393.351_none_89c04962db040fd9\COMCTL32.dll
0x74a50000 - 0x74c61000 	C:\WINDOWS\System32\combase.dll
0x74f30000 - 0x75010000 	C:\WINDOWS\System32\ucrtbase.dll
0x75120000 - 0x75145000 	C:\WINDOWS\System32\IMM32.DLL
0x505e0000 - 0x5069f000 	C:\Program Files (x86)\Arduino\java\bin\msvcr100.dll
0x6cc50000 - 0x6d01b000 	C:\Program Files (x86)\Arduino\java\bin\client\jvm.dll
0x749c0000 - 0x749c6000 	C:\WINDOWS\System32\PSAPI.DLL
0x6dd40000 - 0x6dd48000 	C:\WINDOWS\SYSTEM32\WSOCK32.dll
0x72a70000 - 0x72a94000 	C:\WINDOWS\SYSTEM32\WINMM.dll
0x73dd0000 - 0x73dd8000 	C:\WINDOWS\SYSTEM32\VERSION.dll
0x778b0000 - 0x77913000 	C:\WINDOWS\System32\WS2_32.dll
0x00a80000 - 0x00aa3000 	C:\WINDOWS\SYSTEM32\WINMMBASE.dll
0x74d70000 - 0x74da6000 	C:\WINDOWS\System32\cfgmgr32.dll
0x68ba0000 - 0x68bd1000 	C:\Program Files (x86)\Arduino\java\bin\splashscreen.dll
0x68cb0000 - 0x68d25000 	C:\WINDOWS\system32\uxtheme.dll
0x68b90000 - 0x68b9c000 	C:\Program Files (x86)\Arduino\java\bin\verify.dll
0x75480000 - 0x755b5000 	C:\WINDOWS\System32\MSCTF.dll
0x74e90000 - 0x74f24000 	C:\WINDOWS\System32\OLEAUT32.dll
0x76a70000 - 0x76aeb000 	C:\WINDOWS\System32\msvcp_win.dll
0x65ad0000 - 0x65af1000 	C:\Program Files (x86)\Arduino\java\bin\java.dll
0x686f0000 - 0x6876b000 	C:\Program Files (x86)\Common Files\Microsoft Shared\Ink\tiptsf.dll
0x65ab0000 - 0x65ac3000 	C:\Program Files (x86)\Arduino\java\bin\zip.dll
0x75470000 - 0x7547d000 	C:\WINDOWS\System32\kernel.appcore.dll
0x75090000 - 0x75114000 	C:\WINDOWS\System32\clbcatq.dll
0x5efa0000 - 0x5f0f2000 	C:\Windows\System32\uiautomationcore.dll
0x73da0000 - 0x73dba000 	C:\Windows\System32\USERENV.dll
0x75460000 - 0x7546f000 	C:\WINDOWS\System32\profapi.dll
0x6bcd0000 - 0x6bd51000 	C:\WINDOWS\SYSTEM32\sxs.dll
0x603d0000 - 0x60424000 	C:\Windows\System32\OLEACC.dll
0x25420000 - 0x2548c000 	C:\WINDOWS\SYSTEM32\twinapi.dll
0x77320000 - 0x773a8000 	C:\WINDOWS\System32\shcore.dll
0x602d0000 - 0x603c1000 	C:\WINDOWS\SYSTEM32\twinapi.appcore.dll
0x73980000 - 0x7399b000 	C:\WINDOWS\SYSTEM32\bcrypt.dll
0x755c0000 - 0x76999000 	C:\WINDOWS\System32\SHELL32.dll
0x76c50000 - 0x771be000 	C:\WINDOWS\System32\windows.storage.dll
0x74a00000 - 0x74a45000 	C:\WINDOWS\System32\powrprof.dll
0x77710000 - 0x77756000 	C:\WINDOWS\System32\shlwapi.dll
0x6c740000 - 0x6c885000 	C:\Program Files (x86)\Arduino\java\bin\awt.dll
0x66190000 - 0x66222000 	C:\WINDOWS\SYSTEM32\apphelp.dll
0x689a0000 - 0x689bf000 	C:\WINDOWS\system32\dwmapi.dll
0x74400000 - 0x744ea000 	C:\WINDOWS\System32\ole32.dll
0x61740000 - 0x6176c000 	C:\Program Files (x86)\Arduino\lib\listSerialsj.dll
0x745b0000 - 0x749bb000 	C:\WINDOWS\System32\SETUPAPI.dll
0x6ddc0000 - 0x6ddd3000 	C:\WINDOWS\SYSTEM32\CRYPTSP.dll
0x6dd90000 - 0x6ddbf000 	C:\WINDOWS\system32\rsaenh.dll
0x65a90000 - 0x65aa6000 	C:\Program Files (x86)\Arduino\java\bin\net.dll
0x6f920000 - 0x6f96e000 	C:\WINDOWS\system32\mswsock.dll
0x73b60000 - 0x73b8f000 	C:\WINDOWS\SYSTEM32\IPHLPAPI.DLL
0x749f0000 - 0x749f7000 	C:\WINDOWS\System32\NSI.dll
0x73cc0000 - 0x73cd3000 	C:\WINDOWS\SYSTEM32\dhcpcsvc6.DLL
0x739c0000 - 0x739d4000 	C:\WINDOWS\SYSTEM32\dhcpcsvc.DLL
0x65a80000 - 0x65a8f000 	C:\Program Files (x86)\Arduino\java\bin\nio.dll
0x278b0000 - 0x278ed000 	C:\Users\robbi\AppData\Local\Temp\jna-108685516\jna880032629562543442.dll
0x6d450000 - 0x6d489000 	C:\Program Files (x86)\Arduino\java\bin\fontmanager.dll
0x6f4a0000 - 0x6f4d2000 	C:\Program Files (x86)\Arduino\java\bin\t2k.dll
0x6dfd0000 - 0x6dff2000 	C:\WINDOWS\SYSTEM32\DEVOBJ.dll
0x75150000 - 0x75194000 	C:\WINDOWS\System32\WINTRUST.dll
0x77520000 - 0x7752e000 	C:\WINDOWS\System32\MSASN1.dll
0x751a0000 - 0x7531d000 	C:\WINDOWS\System32\CRYPT32.dll
0x6de70000 - 0x6deec000 	C:\WINDOWS\SYSTEM32\DNSAPI.dll
0x6de40000 - 0x6de61000 	C:\Program Files (x86)\Bonjour\mdnsNSP.dll
0x6de30000 - 0x6de38000 	C:\Windows\System32\rasadhlp.dll
0x77c80000 - 0x77ce9000 	C:\Program Files (x86)\Arduino\msvcp100.dll
0x78a40000 - 0x78afe000 	C:\Program Files (x86)\Arduino\msvcr100.dll
0x262a0000 - 0x262d2000 	C:\Program Files (x86)\Arduino\lib\AStylej.dll
0x65a50000 - 0x65a74000 	C:\Program Files (x86)\Arduino\java\bin\dcpr.dll
0x5f100000 - 0x5f26e000 	C:\WINDOWS\SYSTEM32\WindowsCodecs.dll
0x63920000 - 0x63964000 	C:\WINDOWS\system32\dataexchange.dll
0x604e0000 - 0x6070f000 	C:\WINDOWS\system32\d3d11.dll
0x63800000 - 0x63913000 	C:\WINDOWS\system32\dcomp.dll
0x60450000 - 0x604d4000 	C:\WINDOWS\system32\dxgi.dll
0x24e10000 - 0x24e59000 	C:\WINDOWS\System32\fwpuclnt.dll
0x02240000 - 0x0228e000 	C:\WINDOWS\system32\Ninput.dll
0x64000000 - 0x6401b000 	C:\Users\robbi\.jssc\windows\jSSC-2.8_x86.dll
0x74110000 - 0x74255000 	C:\WINDOWS\SYSTEM32\dbghelp.dll

VM Arguments:
jvm_args: -Dsun.java2d.d3d=false -Djna.nosys=true -DAPP_DIR=C:\Program Files (x86)\Arduino -Xms128M -Xmx512M 
java_command: processing.app.Base C:\Users\robbi\OneDrive\Projecten\arduino\BeeHiveMonitor\BeeHiveMonitor.ino
java_class_path (initial): C:\Program Files (x86)\Arduino\lib\apple.jar;C:\Program Files (x86)\Arduino\lib\arduino-core.jar;C:\Program Files (x86)\Arduino\lib\batik-1.8.jar;C:\Program Files (x86)\Arduino\lib\batik-anim-1.8.jar;C:\Program Files (x86)\Arduino\lib\batik-awt-util-1.8.jar;C:\Program Files (x86)\Arduino\lib\batik-bridge-1.8.jar;C:\Program Files (x86)\Arduino\lib\batik-codec-1.8.jar;C:\Program Files (x86)\Arduino\lib\batik-css-1.8.jar;C:\Program Files (x86)\Arduino\lib\batik-dom-1.8.jar;C:\Program Files (x86)\Arduino\lib\batik-ext-1.8.jar;C:\Program Files (x86)\Arduino\lib\batik-gvt-1.8.jar;C:\Program Files (x86)\Arduino\lib\batik-parser-1.8.jar;C:\Program Files (x86)\Arduino\lib\batik-rasterizer-1.8.jar;C:\Program Files (x86)\Arduino\lib\batik-script-1.8.jar;C:\Program Files (x86)\Arduino\lib\batik-squiggle-1.8.jar;C:\Program Files (x86)\Arduino\lib\batik-svg-dom-1.8.jar;C:\Program Files (x86)\Arduino\lib\batik-svgpp-1.8.jar;C:\Program Files (x86)\Arduino\lib\batik-transcoder-1.8.jar;C:\Program Files (x86)\Arduino\lib\batik-util-1.8.jar;C:\Program Files (x86)\Arduino\lib\batik-xml-1.8.jar;C:\Program Files (x86)\Arduino\lib\bcpg-jdk15on-152.jar;C:\Program Files (x86)\Arduino\lib\bcprov-jdk15on-152.jar;C:\Program Files (x86)\Arduino\lib\commons-codec-1.7.jar;C:\Program Files (x86)\Arduino\lib\commons-compress-1.8.jar;C:\Program Files (x86)\Arduino\lib\commons-exec-1.1.jar;C:\Program Files (x86)\Arduino\lib\commons-httpclient-3.1.jar;C:\Program Files (x86)\Arduino\lib\commons-lang3-3.3.2.jar;C:\Program Files (x86)\Arduino\lib\commons-logging-1.0.4.jar;C:\Program Files (x86)\Arduino\lib\commons-net-3.3.jar;C:\Program Files (x86)\Arduino\lib\jackson-annotations-2.6.3.jar;C:\Program Files (x86)\Arduino\lib\jackson-core-2.6.3.jar;C:\Program Files (x86)\Arduino\lib\jackson-databind-2.6.3.jar;C:\Program Files (x86)\Arduino\lib\jackson-module-mrbean-2.6.3.jar;C:\Program Files (x86)\Arduino\lib\java-semver-0.8.0.jar;C:\Program Files (x86)\Arduino\lib\jmdns-3.4.1.j
Launcher Type: SUN_STANDARD

Environment Variables:
PATH=C:\WINDOWS\system32;C:\WINDOWS;C:\WINDOWS\System32\Wbem;C:\WINDOWS\System32\WindowsPowerShell\v1.0\;C:\Program Files (x86)\Google\Google Apps Sync\;C:\Program Files (x86)\Google\Google Apps Migration\;C:\Users\robbi\AppData\Local\Microsoft\WindowsApps;;C:\Program Files (x86)\Arduino\java\bin
USERNAME=robbi
OS=Windows_NT
PROCESSOR_IDENTIFIER=Intel64 Family 6 Model 78 Stepping 3, GenuineIntel



---------------  S Y S T E M  ---------------

OS: Windows 10.0 , 64 bit Build 14393 (10.0.14393.0)

CPU:total 4 (2 cores per cpu, 2 threads per core) family 6 model 78 stepping 3, cmov, cx8, fxsr, mmx, sse, sse2, sse3, ssse3, sse4.1, sse4.2, popcnt, avx, avx2, aes, clmul, erms, rtm, 3dnowpref, lzcnt, ht, tsc, tscinvbit, bmi1, bmi2, adx

Memory: 4k page, physical 16701584k(13097900k free), swap 19191952k(15253740k free)

vm_info: Java HotSpot(TM) Client VM (25.92-b14) for windows-x86 JRE (1.8.0_92-b14), built on Mar 31 2016 21:09:21 by "java_re" with MS VC++ 10.0 (VS2010)

time: Mon Oct 31 23:20:33 2016
elapsed time: 58 seconds (0d 0h 0m 58s)

