#
# A fatal error has been detected by the Java Runtime Environment:
#
#  EXCEPTION_ACCESS_VIOLATION (0xc0000005) at pc=0x274c93cd, pid=15716, tid=0x00000f88
#
# JRE version: Java(TM) SE Runtime Environment (8.0_92-b14) (build 1.8.0_92-b14)
# Java VM: Java HotSpot(TM) Client VM (25.92-b14 mixed mode windows-x86 )
# Problematic frame:
# C  [listSerialsj.dll+0x93cd]
#
# Failed to write core dump. Minidumps are not enabled by default on client versions of Windows
#
# If you would like to submit a bug report, please visit:
#   http://bugreport.java.com/bugreport/crash.jsp
# The crash happened outside the Java Virtual Machine in native code.
# See problematic frame for where to report the bug.
#

---------------  T H R E A D  ---------------

Current thread (0x27b86000):  JavaThread "cc.arduino.packages.discoverers.serial.SerialBoardsLister" [_thread_in_native, id=3976, stack(0x28520000,0x28570000)]

siginfo: ExceptionCode=0xc0000005, writing address 0x00000000

Registers:
EAX=0x00000000, EBX=0x00000bfc, ECX=0x00000000, EDX=0x00000001
ESP=0x2856ed00, EBP=0x2856f158, ESI=0x00000001, EDI=0x005e40a8
EIP=0x274c93cd, EFLAGS=0x00010246

Top of Stack: (sp=0x2856ed00)
0x2856ed00:   25603fc0 0000002e 00000002 00000000
0x2856ed10:   00000003 00000000 00000000 00000000
0x2856ed20:   2856f4cc 2856f4c8 0000006c 76b3a540
0x2856ed30:   25601e80 0056f40c 005e4190 000000c7
0x2856ed40:   2856f418 2856f41c 0000005a 00000002
0x2856ed50:   00000001 0000006c 00000094 0000008c
0x2856ed60:   008cf438 00000000 314d4f43 00560031
0x2856ed70:   00425355 fffffffe 74bfc065 274c19bf 

Instructions: (pc=0x274c93cd)
0x274c93ad:   8b 45 08 8b 90 94 00 00 00 85 d2 74 16 8b 40 2c
0x274c93bd:   c7 44 24 04 2e 00 00 00 89 04 24 e8 73 14 00 00
0x274c93cd:   c6 00 00 8d 85 04 fc ff ff 89 44 24 18 8d 85 0a
0x274c93dd:   fc ff ff 89 44 24 10 a1 e4 01 4d 27 c7 85 04 fc 


Register to memory mapping:

EAX=0x00000000 is an unknown value
EBX=0x00000bfc is an unknown value
ECX=0x00000000 is an unknown value
EDX=0x00000001 is an unknown value
ESP=0x2856ed00 is pointing into the stack for thread: 0x27b86000
EBP=0x2856f158 is pointing into the stack for thread: 0x27b86000
ESI=0x00000001 is an unknown value
EDI=0x005e40a8 is an unknown value


Stack: [0x28520000,0x28570000],  sp=0x2856ed00,  free space=315k
Native frames: (J=compiled Java code, j=interpreted, Vv=VM code, C=native code)
C  [listSerialsj.dll+0x93cd]
C  [listSerialsj.dll+0x2211]

Java frames: (J=compiled Java code, j=interpreted, Vv=VM code)
j  processing.app.Platform.listSerialsNative()[Ljava/lang/String;+0
j  processing.app.Platform.listSerials()Ljava/util/List;+5
j  cc.arduino.packages.discoverers.serial.SerialBoardsLister.retriggerDiscovery(Z)V+22
j  cc.arduino.packages.discoverers.serial.SerialBoardsLister.run()V+9
J 2708% C1 java.util.TimerThread.mainLoop()V (232 bytes) @ 0x027d0354 [0x027cff20+0x434]
j  java.util.TimerThread.run()V+1
v  ~StubRoutines::call_stub

---------------  P R O C E S S  ---------------

Java Threads: ( => current thread )
  0x27c72000 JavaThread "Image Fetcher 1" daemon [_thread_blocked, id=2596, stack(0x26a00000,0x26a50000)]
  0x27c71800 JavaThread "Image Fetcher 0" daemon [_thread_blocked, id=15656, stack(0x26970000,0x269c0000)]
  0x27c70800 JavaThread "EventThread COM11" [_thread_in_native, id=15128, stack(0x26b20000,0x26b70000)]
  0x27c70000 JavaThread "JmDNS(192-168-10-128.local.).Timer" daemon [_thread_blocked, id=13408, stack(0x268e0000,0x26930000)]
  0x25a91c00 JavaThread "JmDNS(192-168-10-128.local.).State.Timer" [_thread_blocked, id=10676, stack(0x26850000,0x268a0000)]
  0x25a94800 JavaThread "JmDNS(192-168-10-128.local.).Timer" daemon [_thread_blocked, id=11100, stack(0x267c0000,0x26810000)]
  0x25a91400 JavaThread "SocketListener(192-168-10-128.local.)" daemon [_thread_in_native, id=8728, stack(0x26730000,0x26780000)]
  0x25a91000 JavaThread "JmDNS(2a02:1812:d37:5600:10c6:7268:d7fd:e9d1.local.).Timer" daemon [_thread_blocked, id=6616, stack(0x266a0000,0x266f0000)]
  0x25a90800 JavaThread "JmDNS(2a02:1812:d37:5600:10c6:7268:d7fd:e9d1.local.).State.Timer" [_thread_blocked, id=6012, stack(0x26610000,0x26660000)]
  0x25a90400 JavaThread "JmDNS(2a02:1812:d37:5600:10c6:7268:d7fd:e9d1.local.).Timer" daemon [_thread_blocked, id=14388, stack(0x26580000,0x265d0000)]
  0x25a8fc00 JavaThread "SocketListener(2a02:1812:d37:5600:10c6:7268:d7fd:e9d1.local.)" daemon [_thread_in_native, id=13488, stack(0x264f0000,0x26540000)]
  0x25a8f000 JavaThread "JmDNS(fe80:0:0:0:5d5a:d1db:988e:2708%wlan0.local.).Timer" daemon [_thread_blocked, id=3636, stack(0x25fa0000,0x25ff0000)]
  0x25a94000 JavaThread "JmDNS(fe80:0:0:0:5d5a:d1db:988e:2708%wlan0.local.).State.Timer" [_thread_blocked, id=1308, stack(0x25320000,0x25370000)]
  0x25a93400 JavaThread "JmDNS(fe80:0:0:0:5d5a:d1db:988e:2708%wlan0.local.).Timer" daemon [_thread_blocked, id=15688, stack(0x25290000,0x252e0000)]
  0x25a8dc00 JavaThread "SocketListener(fe80:0:0:0:5d5a:d1db:988e:2708%wlan0.local.)" daemon [_thread_in_native, id=10836, stack(0x25200000,0x25250000)]
  0x25a8d800 JavaThread "JmDNS(2a02:1812:d37:5600:5d5a:d1db:988e:2708.local.).Timer" daemon [_thread_blocked, id=13348, stack(0x24b00000,0x24b50000)]
  0x25a93000 JavaThread "JmDNS(2a02:1812:d37:5600:5d5a:d1db:988e:2708.local.).State.Timer" [_thread_blocked, id=13828, stack(0x020e0000,0x02130000)]
  0x25a8f400 JavaThread "JmDNS(2a02:1812:d37:5600:5d5a:d1db:988e:2708.local.).Timer" daemon [_thread_blocked, id=7540, stack(0x02090000,0x020e0000)]
  0x25a92000 JavaThread "SocketListener(2a02:1812:d37:5600:5d5a:d1db:988e:2708.local.)" daemon [_thread_in_native, id=12244, stack(0x00920000,0x00970000)]
  0x25a8e400 JavaThread "DestroyJavaVM" [_thread_blocked, id=8320, stack(0x02020000,0x02070000)]
  0x25a94c00 JavaThread "TimerQueue" daemon [_thread_blocked, id=7788, stack(0x29bf0000,0x29c40000)]
  0x25a8e800 JavaThread "AWT-EventQueue-0" [_thread_blocked, id=13952, stack(0x297f0000,0x29840000)]
  0x25a93c00 JavaThread "AWT-Shutdown" [_thread_blocked, id=12816, stack(0x297a0000,0x297f0000)]
  0x25a92800 JavaThread "Batik CleanerThread" daemon [_thread_blocked, id=13808, stack(0x28a60000,0x28ab0000)]
  0x27b87000 JavaThread "cc.arduino.packages.discoverers.network.BoardReachabilityFilter" [_thread_blocked, id=14152, stack(0x28640000,0x28690000)]
  0x27b86800 JavaThread "cc.arduino.packages.discoverers.network.NetworkChecker" [_thread_blocked, id=15444, stack(0x285b0000,0x28600000)]
=>0x27b86000 JavaThread "cc.arduino.packages.discoverers.serial.SerialBoardsLister" [_thread_in_native, id=3976, stack(0x28520000,0x28570000)]
  0x25b3f400 JavaThread "AWT-Windows" daemon [_thread_in_native, id=13472, stack(0x26030000,0x26080000)]
  0x25b3c400 JavaThread "Java2D Disposer" daemon [_thread_blocked, id=5628, stack(0x25f10000,0x25f60000)]
  0x24f66800 JavaThread "Service Thread" daemon [_thread_blocked, id=6564, stack(0x258f0000,0x25940000)]
  0x24f6b400 JavaThread "C1 CompilerThread0" daemon [_thread_blocked, id=12604, stack(0x25860000,0x258b0000)]
  0x24f69800 JavaThread "Attach Listener" daemon [_thread_blocked, id=11120, stack(0x257d0000,0x25820000)]
  0x24f67800 JavaThread "Signal Dispatcher" daemon [_thread_blocked, id=7108, stack(0x25740000,0x25790000)]
  0x24f4a400 JavaThread "Finalizer" daemon [_thread_blocked, id=11372, stack(0x254b0000,0x25500000)]
  0x24f34800 JavaThread "Reference Handler" daemon [_thread_blocked, id=4644, stack(0x253b0000,0x25400000)]

Other Threads:
  0x0224d000 VMThread [stack: 0x24ee0000,0x24f30000] [id=11444]
  0x24f62800 WatcherThread [stack: 0x25980000,0x259d0000] [id=10372]

VM state:not at safepoint (normal execution)

VM Mutex/Monitor currently owned by a thread: None

Heap:
 def new generation   total 39424K, used 8847K [0x04400000, 0x06ec0000, 0x0eea0000)
  eden space 35072K,  25% used [0x04400000, 0x04ca3ef0, 0x06640000)
  from space 4352K,   0% used [0x06a80000, 0x06a80000, 0x06ec0000)
  to   space 4352K,   0% used [0x06640000, 0x06640000, 0x06a80000)
 tenured generation   total 87424K, used 48612K [0x0eea0000, 0x14400000, 0x24400000)
   the space 87424K,  55% used [0x0eea0000, 0x11e19148, 0x11e19200, 0x14400000)
 Metaspace       used 20125K, capacity 20601K, committed 20864K, reserved 20864K

Card table byte_map: [0x24400000,0x24510000] byte_map_base: 0x243de000

Polling page: 0x00770000

CodeCache: size=32768Kb used=3374Kb max_used=4998Kb free=29393Kb
 bounds [0x02340000, 0x02828000, 0x04340000]
 total_blobs=1983 nmethods=1705 adapters=206
 compilation: enabled

Compilation events (10 events):
Event: 1960.164 Thread 0x24f6b400 4066             java.awt.BorderLayout::getChild (152 bytes)
Event: 1960.164 Thread 0x24f6b400 nmethod 4066 0x027745c8 code [0x027746d0, 0x02774830]
Event: 1960.164 Thread 0x24f6b400 4067             java.util.concurrent.locks.ReentrantReadWriteLock$ReadLock::lock (9 bytes)
Event: 1960.165 Thread 0x24f6b400 nmethod 4067 0x02774348 code [0x02774450, 0x02774518]
Event: 1960.165 Thread 0x24f6b400 4068             java.util.concurrent.locks.ReentrantReadWriteLock$ReadLock::unlock (10 bytes)
Event: 1960.165 Thread 0x24f6b400 nmethod 4068 0x0279abc8 code [0x0279acd0, 0x0279ada8]
Event: 1960.747 Thread 0x24f6b400 4069   !         sun.awt.AWTAutoShutdown::notifyThreadBusy (88 bytes)
Event: 1960.747 Thread 0x24f6b400 nmethod 4069 0x0258d088 code [0x0258d1d0, 0x0258d610]
Event: 1961.170 Thread 0x24f6b400 4070             java.util.concurrent.locks.ReentrantLock$NonfairSync::tryAcquire (6 bytes)
Event: 1961.170 Thread 0x24f6b400 nmethod 4070 0x0279a9c8 code [0x0279aac0, 0x0279ab4c]

GC Heap History (10 events):
Event: 1815.276 GC heap before
{Heap before GC invocations=12 (full 1):
 def new generation   total 39424K, used 36722K [0x04400000, 0x06ec0000, 0x0eea0000)
  eden space 35072K, 100% used [0x04400000, 0x06640000, 0x06640000)
  from space 4352K,  37% used [0x06a80000, 0x06c1c9f8, 0x06ec0000)
  to   space 4352K,   0% used [0x06640000, 0x06640000, 0x06a80000)
 tenured generation   total 87424K, used 62399K [0x0eea0000, 0x14400000, 0x24400000)
   the space 87424K,  71% used [0x0eea0000, 0x12b8fff8, 0x12b90000, 0x14400000)
 Metaspace       used 19865K, capacity 20361K, committed 20480K, reserved 20864K
Event: 1815.293 GC heap after
Heap after GC invocations=13 (full 1):
 def new generation   total 39424K, used 1488K [0x04400000, 0x06ec0000, 0x0eea0000)
  eden space 35072K,   0% used [0x04400000, 0x04400000, 0x06640000)
  from space 4352K,  34% used [0x06640000, 0x067b4300, 0x06a80000)
  to   space 4352K,   0% used [0x06a80000, 0x06a80000, 0x06ec0000)
 tenured generation   total 87424K, used 81413K [0x0eea0000, 0x14400000, 0x24400000)
   the space 87424K,  93% used [0x0eea0000, 0x13e21448, 0x13e21600, 0x14400000)
 Metaspace       used 19865K, capacity 20361K, committed 20480K, reserved 20864K
}
Event: 1866.965 GC heap before
{Heap before GC invocations=13 (full 1):
 def new generation   total 39424K, used 17050K [0x04400000, 0x06ec0000, 0x0eea0000)
  eden space 35072K,  44% used [0x04400000, 0x05332898, 0x06640000)
  from space 4352K,  34% used [0x06640000, 0x067b4300, 0x06a80000)
  to   space 4352K,   0% used [0x06a80000, 0x06a80000, 0x06ec0000)
 tenured generation   total 87424K, used 81413K [0x0eea0000, 0x14400000, 0x24400000)
   the space 87424K,  93% used [0x0eea0000, 0x13e21448, 0x13e21600, 0x14400000)
 Metaspace       used 19904K, capacity 20435K, committed 20608K, reserved 20864K
Event: 1866.968 GC heap after
Heap after GC invocations=14 (full 1):
 def new generation   total 39424K, used 1585K [0x04400000, 0x06ec0000, 0x0eea0000)
  eden space 35072K,   0% used [0x04400000, 0x04400000, 0x06640000)
  from space 4352K,  36% used [0x06a80000, 0x06c0c5a8, 0x06ec0000)
  to   space 4352K,   0% used [0x06640000, 0x06640000, 0x06a80000)
 tenured generation   total 87424K, used 81413K [0x0eea0000, 0x14400000, 0x24400000)
   the space 87424K,  93% used [0x0eea0000, 0x13e21448, 0x13e21600, 0x14400000)
 Metaspace       used 19904K, capacity 20435K, committed 20608K, reserved 20864K
}
Event: 1926.870 GC heap before
{Heap before GC invocations=14 (full 1):
 def new generation   total 39424K, used 36657K [0x04400000, 0x06ec0000, 0x0eea0000)
  eden space 35072K, 100% used [0x04400000, 0x06640000, 0x06640000)
  from space 4352K,  36% used [0x06a80000, 0x06c0c5a8, 0x06ec0000)
  to   space 4352K,   0% used [0x06640000, 0x06640000, 0x06a80000)
 tenured generation   total 87424K, used 81413K [0x0eea0000, 0x14400000, 0x24400000)
   the space 87424K,  93% used [0x0eea0000, 0x13e21448, 0x13e21600, 0x14400000)
 Metaspace       used 20008K, capacity 20524K, committed 20608K, reserved 20864K
Event: 1926.879 GC heap after
Heap after GC invocations=15 (full 1):
 def new generation   total 39424K, used 4352K [0x04400000, 0x06ec0000, 0x0eea0000)
  eden space 35072K,   0% used [0x04400000, 0x04400000, 0x06640000)
  from space 4352K, 100% used [0x06640000, 0x06a80000, 0x06a80000)
  to   space 4352K,   0% used [0x06a80000, 0x06a80000, 0x06ec0000)
 tenured generation   total 87424K, used 84881K [0x0eea0000, 0x14400000, 0x24400000)
   the space 87424K,  97% used [0x0eea0000, 0x14184438, 0x14184600, 0x14400000)
 Metaspace       used 20008K, capacity 20524K, committed 20608K, reserved 20864K
}
Event: 1950.872 GC heap before
{Heap before GC invocations=15 (full 1):
 def new generation   total 39424K, used 39424K [0x04400000, 0x06ec0000, 0x0eea0000)
  eden space 35072K, 100% used [0x04400000, 0x06640000, 0x06640000)
  from space 4352K, 100% used [0x06640000, 0x06a80000, 0x06a80000)
  to   space 4352K,   0% used [0x06a80000, 0x06a80000, 0x06ec0000)
 tenured generation   total 87424K, used 84881K [0x0eea0000, 0x14400000, 0x24400000)
   the space 87424K,  97% used [0x0eea0000, 0x14184438, 0x14184600, 0x14400000)
 Metaspace       used 20031K, capacity 20524K, committed 20608K, reserved 20864K
Event: 1950.879 GC heap after
Heap after GC invocations=16 (full 1):
 def new generation   total 39424K, used 2653K [0x04400000, 0x06ec0000, 0x0eea0000)
  eden space 35072K,   0% used [0x04400000, 0x04400000, 0x06640000)
  from space 4352K,  60% used [0x06a80000, 0x06d17430, 0x06ec0000)
  to   space 4352K,   0% used [0x06640000, 0x06640000, 0x06a80000)
 tenured generation   total 87424K, used 86925K [0x0eea0000, 0x14400000, 0x24400000)
   the space 87424K,  99% used [0x0eea0000, 0x14383508, 0x14383600, 0x14400000)
 Metaspace       used 20031K, capacity 20524K, committed 20608K, reserved 20864K
}
Event: 1953.310 GC heap before
{Heap before GC invocations=16 (full 1):
 def new generation   total 39424K, used 3377K [0x04400000, 0x06ec0000, 0x0eea0000)
  eden space 35072K,   2% used [0x04400000, 0x044b51b0, 0x06640000)
  from space 4352K,  60% used [0x06a80000, 0x06d17430, 0x06ec0000)
  to   space 4352K,   0% used [0x06640000, 0x06640000, 0x06a80000)
 tenured generation   total 87424K, used 86925K [0x0eea0000, 0x14400000, 0x24400000)
   the space 87424K,  99% used [0x0eea0000, 0x14383508, 0x14383600, 0x14400000)
 Metaspace       used 20189K, capacity 20684K, committed 20736K, reserved 20864K
Event: 1953.358 GC heap after
Heap after GC invocations=17 (full 2):
 def new generation   total 39424K, used 0K [0x04400000, 0x06ec0000, 0x0eea0000)
  eden space 35072K,   0% used [0x04400000, 0x04400000, 0x06640000)
  from space 4352K,   0% used [0x06a80000, 0x06a80000, 0x06ec0000)
  to   space 4352K,   0% used [0x06640000, 0x06640000, 0x06a80000)
 tenured generation   total 87424K, used 48612K [0x0eea0000, 0x14400000, 0x24400000)
   the space 87424K,  55% used [0x0eea0000, 0x11e19148, 0x11e19200, 0x14400000)
 Metaspace       used 20024K, capacity 20471K, committed 20736K, reserved 20864K
}

Deoptimization events (0 events):
No events

Internal exceptions (10 events):
Event: 1950.856 Thread 0x27c73400 Exception <a 'sun/nio/fs/WindowsException'> (0x0656e0a8) thrown at [C:\workspace\8-2-build-windows-i586-cygwin\jdk8u92\6642\hotspot\src\share\vm\prims\jni.cpp, line 709]
Event: 1950.856 Thread 0x27c73400 Exception <a 'sun/nio/fs/WindowsException'> (0x0656e660) thrown at [C:\workspace\8-2-build-windows-i586-cygwin\jdk8u92\6642\hotspot\src\share\vm\prims\jni.cpp, line 709]
Event: 1950.857 Thread 0x27c73400 Exception <a 'sun/nio/fs/WindowsException'> (0x0657eb40) thrown at [C:\workspace\8-2-build-windows-i586-cygwin\jdk8u92\6642\hotspot\src\share\vm\prims\jni.cpp, line 709]
Event: 1950.857 Thread 0x27c73400 Exception <a 'sun/nio/fs/WindowsException'> (0x0657f138) thrown at [C:\workspace\8-2-build-windows-i586-cygwin\jdk8u92\6642\hotspot\src\share\vm\prims\jni.cpp, line 709]
Event: 1950.858 Thread 0x27c73400 Exception <a 'sun/nio/fs/WindowsException'> (0x065c3830) thrown at [C:\workspace\8-2-build-windows-i586-cygwin\jdk8u92\6642\hotspot\src\share\vm\prims\jni.cpp, line 709]
Event: 1950.858 Thread 0x27c73400 Exception <a 'sun/nio/fs/WindowsException'> (0x065c3de8) thrown at [C:\workspace\8-2-build-windows-i586-cygwin\jdk8u92\6642\hotspot\src\share\vm\prims\jni.cpp, line 709]
Event: 1950.859 Thread 0x27c73400 Exception <a 'sun/nio/fs/WindowsException'> (0x065d6ca8) thrown at [C:\workspace\8-2-build-windows-i586-cygwin\jdk8u92\6642\hotspot\src\share\vm\prims\jni.cpp, line 709]
Event: 1950.859 Thread 0x27c73400 Exception <a 'sun/nio/fs/WindowsException'> (0x065d7238) thrown at [C:\workspace\8-2-build-windows-i586-cygwin\jdk8u92\6642\hotspot\src\share\vm\prims\jni.cpp, line 709]
Event: 1950.861 Thread 0x27c73400 Exception <a 'sun/nio/fs/WindowsException'> (0x065f93c8) thrown at [C:\workspace\8-2-build-windows-i586-cygwin\jdk8u92\6642\hotspot\src\share\vm\prims\jni.cpp, line 709]
Event: 1950.861 Thread 0x27c73400 Exception <a 'sun/nio/fs/WindowsException'> (0x065f9980) thrown at [C:\workspace\8-2-build-windows-i586-cygwin\jdk8u92\6642\hotspot\src\share\vm\prims\jni.cpp, line 709]

Events (10 events):
Event: 1960.111 loading class org/fife/ui/rtextarea/RTextArea_nl
Event: 1960.111 loading class org/fife/ui/rtextarea/RTextArea_nl done
Event: 1960.147 Executing VM operation: BulkRevokeBias
Event: 1960.147 Executing VM operation: BulkRevokeBias done
Event: 1960.158 Thread 0x24f6b400 flushing nmethod 0x02774308
Event: 1960.158 Thread 0x24f6b400 flushing nmethod 0x0279a848
Event: 1960.159 Thread 0x24f6b400 flushing nmethod 0x0279aa08
Event: 1960.159 Thread 0x24f6b400 flushing nmethod 0x0279ac48
Event: 1960.159 Thread 0x24f6b400 flushing nmethod 0x0279bd08
Event: 1960.159 Thread 0x24f6b400 flushing nmethod 0x0279dcc8


Dynamic libraries:
0x00a10000 - 0x00a43000 	C:\Program Files (x86)\Arduino\java\bin\javaw.exe
0x76fb0000 - 0x77132000 	C:\WINDOWS\SYSTEM32\ntdll.dll
0x74a60000 - 0x74b40000 	C:\WINDOWS\System32\KERNEL32.DLL
0x766e0000 - 0x76881000 	C:\WINDOWS\System32\KERNELBASE.dll
0x73e80000 - 0x73ef7000 	C:\WINDOWS\System32\ADVAPI32.dll
0x74ba0000 - 0x74c5e000 	C:\WINDOWS\System32\msvcrt.dll
0x74d70000 - 0x74db1000 	C:\WINDOWS\System32\sechost.dll
0x763b0000 - 0x76471000 	C:\WINDOWS\System32\RPCRT4.dll
0x73a70000 - 0x73a8e000 	C:\WINDOWS\System32\SspiCli.dll
0x73a60000 - 0x73a6a000 	C:\WINDOWS\System32\CRYPTBASE.dll
0x73f10000 - 0x73f6a000 	C:\WINDOWS\System32\bcryptPrimitives.dll
0x74dc0000 - 0x74f1f000 	C:\WINDOWS\System32\USER32.dll
0x76af0000 - 0x76b05000 	C:\WINDOWS\System32\win32u.dll
0x76480000 - 0x764ab000 	C:\WINDOWS\System32\GDI32.dll
0x76550000 - 0x766ab000 	C:\WINDOWS\System32\gdi32full.dll
0x67cb0000 - 0x67eba000 	C:\WINDOWS\WinSxS\x86_microsoft.windows.common-controls_6595b64144ccf1df_6.0.14393.0_none_74bc87d3d22d9abe\COMCTL32.dll
0x745d0000 - 0x747e1000 	C:\WINDOWS\System32\combase.dll
0x76a10000 - 0x76af0000 	C:\WINDOWS\System32\ucrtbase.dll
0x766b0000 - 0x766d5000 	C:\WINDOWS\System32\IMM32.DLL
0x78900000 - 0x789bf000 	C:\Program Files (x86)\Arduino\java\bin\msvcr100.dll
0x6c3b0000 - 0x6c77b000 	C:\Program Files (x86)\Arduino\java\bin\client\jvm.dll
0x73f00000 - 0x73f06000 	C:\WINDOWS\System32\PSAPI.DLL
0x71940000 - 0x71964000 	C:\WINDOWS\SYSTEM32\WINMM.dll
0x73460000 - 0x73468000 	C:\WINDOWS\SYSTEM32\VERSION.dll
0x6d0a0000 - 0x6d0a8000 	C:\WINDOWS\SYSTEM32\WSOCK32.dll
0x74d00000 - 0x74d63000 	C:\WINDOWS\System32\WS2_32.dll
0x6f2b0000 - 0x6f2d3000 	C:\WINDOWS\SYSTEM32\WINMMBASE.dll
0x73b80000 - 0x73bb6000 	C:\WINDOWS\System32\cfgmgr32.dll
0x6f8d0000 - 0x6f901000 	C:\Program Files (x86)\Arduino\java\bin\splashscreen.dll
0x67ad0000 - 0x67b45000 	C:\WINDOWS\system32\uxtheme.dll
0x67670000 - 0x6767c000 	C:\Program Files (x86)\Arduino\java\bin\verify.dll
0x6d2e0000 - 0x6d301000 	C:\Program Files (x86)\Arduino\java\bin\java.dll
0x73bc0000 - 0x73cf6000 	C:\WINDOWS\System32\MSCTF.dll
0x748d0000 - 0x74964000 	C:\WINDOWS\System32\OLEAUT32.dll
0x747f0000 - 0x7486b000 	C:\WINDOWS\System32\msvcp_win.dll
0x689a0000 - 0x68a1b000 	C:\Program Files (x86)\Common Files\Microsoft Shared\Ink\tiptsf.dll
0x62820000 - 0x62833000 	C:\Program Files (x86)\Arduino\java\bin\zip.dll
0x73d00000 - 0x73d0d000 	C:\WINDOWS\System32\kernel.appcore.dll
0x764c0000 - 0x76544000 	C:\WINDOWS\System32\clbcatq.dll
0x616f0000 - 0x61842000 	C:\Windows\System32\uiautomationcore.dll
0x73430000 - 0x7344a000 	C:\Windows\System32\USERENV.dll
0x76fa0000 - 0x76faf000 	C:\WINDOWS\System32\profapi.dll
0x6d3d0000 - 0x6d451000 	C:\WINDOWS\SYSTEM32\sxs.dll
0x62bf0000 - 0x62c44000 	C:\Windows\System32\OLEACC.dll
0x25400000 - 0x2546c000 	C:\WINDOWS\SYSTEM32\twinapi.dll
0x74c70000 - 0x74cf8000 	C:\WINDOWS\System32\shcore.dll
0x62c50000 - 0x62d41000 	C:\WINDOWS\SYSTEM32\twinapi.appcore.dll
0x6f510000 - 0x6f52b000 	C:\WINDOWS\SYSTEM32\bcrypt.dll
0x74f20000 - 0x762f7000 	C:\WINDOWS\System32\SHELL32.dll
0x73fc0000 - 0x7452e000 	C:\WINDOWS\System32\windows.storage.dll
0x74580000 - 0x745c5000 	C:\WINDOWS\System32\powrprof.dll
0x73f70000 - 0x73fb6000 	C:\WINDOWS\System32\shlwapi.dll
0x6cc20000 - 0x6cd65000 	C:\Program Files (x86)\Arduino\java\bin\awt.dll
0x655f0000 - 0x65682000 	C:\WINDOWS\SYSTEM32\apphelp.dll
0x6cb80000 - 0x6cb9f000 	C:\WINDOWS\system32\dwmapi.dll
0x73a90000 - 0x73b7a000 	C:\WINDOWS\System32\ole32.dll
0x274c0000 - 0x274ec000 	C:\Program Files (x86)\Arduino\lib\listSerialsj.dll
0x76b10000 - 0x76f1b000 	C:\WINDOWS\System32\SETUPAPI.dll
0x6dc70000 - 0x6dc83000 	C:\WINDOWS\SYSTEM32\CRYPTSP.dll
0x6dc40000 - 0x6dc6f000 	C:\WINDOWS\system32\rsaenh.dll
0x62780000 - 0x62796000 	C:\Program Files (x86)\Arduino\java\bin\net.dll
0x6df30000 - 0x6df7e000 	C:\WINDOWS\system32\mswsock.dll
0x731f0000 - 0x7321f000 	C:\WINDOWS\SYSTEM32\IPHLPAPI.DLL
0x74c60000 - 0x74c67000 	C:\WINDOWS\System32\NSI.dll
0x6dcc0000 - 0x6dcd3000 	C:\WINDOWS\SYSTEM32\dhcpcsvc6.DLL
0x6dca0000 - 0x6dcb4000 	C:\WINDOWS\SYSTEM32\dhcpcsvc.DLL
0x66340000 - 0x6634f000 	C:\Program Files (x86)\Arduino\java\bin\nio.dll
0x27600000 - 0x2763d000 	C:\Users\robbi\AppData\Local\Temp\jna-108685516\jna9079808069073317229.dll
0x6d0f0000 - 0x6d129000 	C:\Program Files (x86)\Arduino\java\bin\fontmanager.dll
0x6f9d0000 - 0x6fa02000 	C:\Program Files (x86)\Arduino\java\bin\t2k.dll
0x6dae0000 - 0x6db5c000 	C:\WINDOWS\SYSTEM32\DNSAPI.dll
0x6d680000 - 0x6d6a1000 	C:\Program Files (x86)\Bonjour\mdnsNSP.dll
0x6da90000 - 0x6da98000 	C:\Windows\System32\rasadhlp.dll
0x77860000 - 0x778c9000 	C:\Program Files (x86)\Arduino\msvcp100.dll
0x78150000 - 0x7820e000 	C:\Program Files (x86)\Arduino\msvcr100.dll
0x289e0000 - 0x28a12000 	C:\Program Files (x86)\Arduino\lib\AStylej.dll
0x6cb40000 - 0x6cb64000 	C:\Program Files (x86)\Arduino\java\bin\dcpr.dll
0x61850000 - 0x619be000 	C:\WINDOWS\SYSTEM32\WindowsCodecs.dll
0x63650000 - 0x63694000 	C:\WINDOWS\system32\dataexchange.dll
0x62d50000 - 0x62f80000 	C:\WINDOWS\system32\d3d11.dll
0x62f80000 - 0x63093000 	C:\WINDOWS\system32\dcomp.dll
0x635c0000 - 0x63644000 	C:\WINDOWS\system32\dxgi.dll
0x6cfe0000 - 0x6d029000 	C:\WINDOWS\System32\fwpuclnt.dll
0x6f5f0000 - 0x6f610000 	C:\Program Files (x86)\Arduino\java\bin\sunec.dll
0x6fe80000 - 0x6fe89000 	C:\Program Files (x86)\Arduino\java\bin\sunmscapi.dll
0x76890000 - 0x76a0d000 	C:\WINDOWS\System32\CRYPT32.dll
0x763a0000 - 0x763ae000 	C:\WINDOWS\System32\MSASN1.dll
0x628f0000 - 0x62902000 	C:\WINDOWS\system32\napinsp.dll
0x628d0000 - 0x628e6000 	C:\WINDOWS\system32\pnrpnsp.dll
0x63580000 - 0x63594000 	C:\WINDOWS\system32\NLAapi.dll
0x63570000 - 0x6357c000 	C:\WINDOWS\System32\winrnr.dll
0x26b70000 - 0x26b92000 	C:\WINDOWS\SYSTEM32\DEVOBJ.dll
0x74530000 - 0x74574000 	C:\WINDOWS\System32\WINTRUST.dll
0x64000000 - 0x6401b000 	C:\Users\robbi\.jssc\windows\jSSC-2.8_x86.dll
0x737a0000 - 0x738e5000 	C:\WINDOWS\SYSTEM32\dbghelp.dll

VM Arguments:
jvm_args: -Dsun.java2d.d3d=false -Djna.nosys=true -DAPP_DIR=C:\Program Files (x86)\Arduino -Xms128M -Xmx512M 
java_command: processing.app.Base C:\Users\robbi\OneDrive\Projecten\arduino\BeeHiveMonitor\BeeHiveMonitor.ino
java_class_path (initial): C:\Program Files (x86)\Arduino\lib\apple.jar;C:\Program Files (x86)\Arduino\lib\arduino-core.jar;C:\Program Files (x86)\Arduino\lib\batik-1.8.jar;C:\Program Files (x86)\Arduino\lib\batik-anim-1.8.jar;C:\Program Files (x86)\Arduino\lib\batik-awt-util-1.8.jar;C:\Program Files (x86)\Arduino\lib\batik-bridge-1.8.jar;C:\Program Files (x86)\Arduino\lib\batik-codec-1.8.jar;C:\Program Files (x86)\Arduino\lib\batik-css-1.8.jar;C:\Program Files (x86)\Arduino\lib\batik-dom-1.8.jar;C:\Program Files (x86)\Arduino\lib\batik-ext-1.8.jar;C:\Program Files (x86)\Arduino\lib\batik-gvt-1.8.jar;C:\Program Files (x86)\Arduino\lib\batik-parser-1.8.jar;C:\Program Files (x86)\Arduino\lib\batik-rasterizer-1.8.jar;C:\Program Files (x86)\Arduino\lib\batik-script-1.8.jar;C:\Program Files (x86)\Arduino\lib\batik-squiggle-1.8.jar;C:\Program Files (x86)\Arduino\lib\batik-svg-dom-1.8.jar;C:\Program Files (x86)\Arduino\lib\batik-svgpp-1.8.jar;C:\Program Files (x86)\Arduino\lib\batik-transcoder-1.8.jar;C:\Program Files (x86)\Arduino\lib\batik-util-1.8.jar;C:\Program Files (x86)\Arduino\lib\batik-xml-1.8.jar;C:\Program Files (x86)\Arduino\lib\bcpg-jdk15on-152.jar;C:\Program Files (x86)\Arduino\lib\bcprov-jdk15on-152.jar;C:\Program Files (x86)\Arduino\lib\commons-codec-1.7.jar;C:\Program Files (x86)\Arduino\lib\commons-compress-1.8.jar;C:\Program Files (x86)\Arduino\lib\commons-exec-1.1.jar;C:\Program Files (x86)\Arduino\lib\commons-httpclient-3.1.jar;C:\Program Files (x86)\Arduino\lib\commons-lang3-3.3.2.jar;C:\Program Files (x86)\Arduino\lib\commons-logging-1.0.4.jar;C:\Program Files (x86)\Arduino\lib\commons-net-3.3.jar;C:\Program Files (x86)\Arduino\lib\jackson-annotations-2.6.3.jar;C:\Program Files (x86)\Arduino\lib\jackson-core-2.6.3.jar;C:\Program Files (x86)\Arduino\lib\jackson-databind-2.6.3.jar;C:\Program Files (x86)\Arduino\lib\jackson-module-mrbean-2.6.3.jar;C:\Program Files (x86)\Arduino\lib\java-semver-0.8.0.jar;C:\Program Files (x86)\Arduino\lib\jmdns-3.4.1.j
Launcher Type: SUN_STANDARD

Environment Variables:
PATH=C:\WINDOWS\system32;C:\WINDOWS;C:\WINDOWS\System32\Wbem;C:\WINDOWS\System32\WindowsPowerShell\v1.0\;C:\Program Files (x86)\Google\Google Apps Sync\;C:\Program Files (x86)\Google\Google Apps Migration\;C:\Users\robbi\AppData\Local\Microsoft\WindowsApps;;C:\Program Files (x86)\Arduino\java\bin
USERNAME=robbi
OS=Windows_NT
PROCESSOR_IDENTIFIER=Intel64 Family 6 Model 78 Stepping 3, GenuineIntel



---------------  S Y S T E M  ---------------

OS: Windows 10.0 , 64 bit Build 14393 (10.0.14393.0)

CPU:total 4 (2 cores per cpu, 2 threads per core) family 6 model 78 stepping 3, cmov, cx8, fxsr, mmx, sse, sse2, sse3, ssse3, sse4.1, sse4.2, popcnt, avx, avx2, aes, clmul, erms, rtm, 3dnowpref, lzcnt, ht, tsc, tscinvbit, bmi1, bmi2, adx

Memory: 4k page, physical 16701584k(10097272k free), swap 19191952k(9292280k free)

vm_info: Java HotSpot(TM) Client VM (25.92-b14) for windows-x86 JRE (1.8.0_92-b14), built on Mar 31 2016 21:09:21 by "java_re" with MS VC++ 10.0 (VS2010)

time: Wed Oct 19 00:56:22 2016
elapsed time: 1961 seconds (0d 0h 32m 41s)

